<?xml version="1.0" encoding="UTF-8"?>
<!-- Generated by org.testng.reporters.JUnitReportReporter -->
<testsuite skipped="0" hostname="DESKTOP-B3FM07C" name="org.test.AdactinTestNG" tests="4" failures="0" timestamp="08 Apr 2021 11:22:46 GMT" time="7.035" errors="0">
  <testcase name="tc1" time="1.940" classname="org.test.AdactinTestNG"/>
  <testcase name="searchHotel" time="1.930" classname="org.test.AdactinTestNG"/>
  <testcase name="selectHotel" time="1.428" classname="org.test.AdactinTestNG"/>
  <testcase name="bookHotel" time="1.737" classname="org.test.AdactinTestNG"/>
</testsuite> <!-- org.test.AdactinTestNG -->
